build/intermediates/manifest_merge_blame_file/forTests/manifest-merger-blame-forTests-report.txt
1<?xml version="1.0" encoding="utf-8"?>
2<!--
3 * Copyright 2015 The AppAuth for Android Authors. All Rights Reserved.
4 *
5 * Licensed under the Apache License, Version 2.0 (the "License"); you may not use this file except
6 * in compliance with the License. You may obtain a copy of the License at
7 *
8 * http://www.apache.org/licenses/LICENSE-2.0
9 *
10 * Unless required by applicable law or agreed to in writing, software distributed under the
11 * License is distributed on an "AS IS" BASIS, WITHOUT WARRANTIES OR CONDITIONS OF ANY KIND, either
12 * express or implied. See the License for the specific language governing permissions and
13 * limitations under the License.
14-->
15<manifest xmlns:android="http://schemas.android.com/apk/res/android"
16    package="net.openid.appauth"
17    android:versionCode="286"
18    android:versionName="0.8.1-7-gf021280" >
19
20    <uses-sdk
21        android:minSdkVersion="16"
21-->AppAuth-Android/library/AndroidManifest.xml
22        android:targetSdkVersion="30" />
22-->AppAuth-Android/library/AndroidManifest.xml
23
24    <uses-permission android:name="android.permission.INTERNET" />
24-->AppAuth-Android/library/AndroidManifest.xml:18:3-65
24-->AppAuth-Android/library/AndroidManifest.xml:18:20-62
25
26    <queries>
26-->AppAuth-Android/library/AndroidManifest.xml:36:3-42:13
27        <intent>
27-->AppAuth-Android/library/AndroidManifest.xml:37:5-41:14
28            <action android:name="android.intent.action.VIEW" />
28-->AppAuth-Android/library/AndroidManifest.xml:28:9-60
28-->AppAuth-Android/library/AndroidManifest.xml:28:17-58
29
30            <category android:name="android.intent.category.BROWSABLE" />
30-->AppAuth-Android/library/AndroidManifest.xml:30:9-69
30-->AppAuth-Android/library/AndroidManifest.xml:30:19-67
31
32            <data android:scheme="https" />
32-->AppAuth-Android/library/AndroidManifest.xml:31:15-56
33        </intent>
34    </queries>
35
36    <application>
36-->AppAuth-Android/library/AndroidManifest.xml:20:3-34:17
37        <activity
37-->AppAuth-Android/library/AndroidManifest.xml:21:5-24:41
38            android:name="net.openid.appauth.AuthorizationManagementActivity"
38-->AppAuth-Android/library/AndroidManifest.xml:21:15-62
39            android:exported="false"
39-->AppAuth-Android/library/AndroidManifest.xml:22:7-31
40            android:launchMode="singleTask"
40-->AppAuth-Android/library/AndroidManifest.xml:24:7-38
41            android:theme="@android:style/Theme.Translucent.NoTitleBar" />
41-->AppAuth-Android/library/AndroidManifest.xml:23:7-66
42        <activity
42-->AppAuth-Android/library/AndroidManifest.xml:26:5-33:16
43            android:name="net.openid.appauth.RedirectUriReceiverActivity"
43-->AppAuth-Android/library/AndroidManifest.xml:26:15-58
44            android:exported="true" >
44-->AppAuth-Android/library/AndroidManifest.xml:26:59-82
45            <intent-filter>
45-->AppAuth-Android/library/AndroidManifest.xml:27:7-32:23
46                <action android:name="android.intent.action.VIEW" />
46-->AppAuth-Android/library/AndroidManifest.xml:28:9-60
46-->AppAuth-Android/library/AndroidManifest.xml:28:17-58
47
48                <category android:name="android.intent.category.DEFAULT" />
48-->AppAuth-Android/library/AndroidManifest.xml:29:9-67
48-->AppAuth-Android/library/AndroidManifest.xml:29:19-65
49                <category android:name="android.intent.category.BROWSABLE" />
49-->AppAuth-Android/library/AndroidManifest.xml:30:9-69
49-->AppAuth-Android/library/AndroidManifest.xml:30:19-67
50
51                <data android:scheme="net.openid.appauth.test" />
51-->AppAuth-Android/library/AndroidManifest.xml:31:15-56
52            </intent-filter>
53        </activity>
54    </application>
55
56</manifest>